# JRE version: Java(TM) SE Runtime Environment (8.0_31-b13) (build 1.8.0_31-b13)
# Java VM: Java HotSpot(TM) 64-Bit Server VM (25.31-b07 mixed mode windows-amd64 compressed oops)
Heap:
 PSYoungGen      total 72192K, used 57750K [0x00000000eb400000, 0x00000000f4100000, 0x0000000100000000)
  eden space 64000K, 90% used [0x00000000eb400000,0x00000000eec65ad8,0x00000000ef280000)
  from space 8192K, 0% used [0x00000000ef280000,0x00000000ef280000,0x00000000efa80000)
  to   space 8192K, 0% used [0x00000000f3900000,0x00000000f3900000,0x00000000f4100000)
 ParOldGen       total 27136K, used 4109K [0x00000000c1c00000, 0x00000000c3680000, 0x00000000eb400000)
  object space 27136K, 15% used [0x00000000c1c00000,0x00000000c20036e0,0x00000000c3680000)
 Metaspace       used 25337K, capacity 25998K, committed 26112K, reserved 1071104K
  class space    used 3587K, capacity 3748K, committed 3840K, reserved 1048576K
GC Heap History (10 events):
Event: 2.151 GC heap before
{Heap before GC invocations=4 (full 0):
 PSYoungGen      total 18944K, used 18936K [0x00000000eb400000, 0x00000000ed900000, 0x0000000100000000)
  eden space 16384K, 100% used [0x00000000eb400000,0x00000000ec400000,0x00000000ec400000)
  from space 2560K, 99% used [0x00000000ec400000,0x00000000ec67e390,0x00000000ec680000)
  to   space 2560K, 0% used [0x00000000ed680000,0x00000000ed680000,0x00000000ed900000)
 ParOldGen       total 44032K, used 1861K [0x00000000c1c00000, 0x00000000c4700000, 0x00000000eb400000)
  object space 44032K, 4% used [0x00000000c1c00000,0x00000000c1dd1478,0x00000000c4700000)
 Metaspace       used 11845K, capacity 12094K, committed 12288K, reserved 1060864K
  class space    used 1723K, capacity 1785K, committed 1792K, reserved 1048576K
Event: 2.156 GC heap after
Heap after GC invocations=4 (full 0):
 PSYoungGen      total 35328K, used 2544K [0x00000000eb400000, 0x00000000ed900000, 0x0000000100000000)
  eden space 32768K, 0% used [0x00000000eb400000,0x00000000eb400000,0x00000000ed400000)
  from space 2560K, 99% used [0x00000000ed680000,0x00000000ed8fc010,0x00000000ed900000)
  to   space 2560K, 0% used [0x00000000ed400000,0x00000000ed400000,0x00000000ed680000)
 ParOldGen       total 44032K, used 3829K [0x00000000c1c00000, 0x00000000c4700000, 0x00000000eb400000)
  object space 44032K, 8% used [0x00000000c1c00000,0x00000000c1fbd710,0x00000000c4700000)
 Metaspace       used 11845K, capacity 12094K, committed 12288K, reserved 1060864K
  class space    used 1723K, capacity 1785K, committed 1792K, reserved 1048576K
}
Event: 2.593 GC heap before
{Heap before GC invocations=5 (full 0):
 PSYoungGen      total 35328K, used 35312K [0x00000000eb400000, 0x00000000ed900000, 0x0000000100000000)
  eden space 32768K, 100% used [0x00000000eb400000,0x00000000ed400000,0x00000000ed400000)
  from space 2560K, 99% used [0x00000000ed680000,0x00000000ed8fc010,0x00000000ed900000)
  to   space 2560K, 0% used [0x00000000ed400000,0x00000000ed400000,0x00000000ed680000)
 ParOldGen       total 44032K, used 3829K [0x00000000c1c00000, 0x00000000c4700000, 0x00000000eb400000)
  object space 44032K, 8% used [0x00000000c1c00000,0x00000000c1fbd710,0x00000000c4700000)
 Metaspace       used 15678K, capacity 16014K, committed 16256K, reserved 1062912K
  class space    used 2267K, capacity 2325K, committed 2432K, reserved 1048576K
Event: 2.600 GC heap after
Heap after GC invocations=5 (full 0):
 PSYoungGen      total 35328K, used 2545K [0x00000000eb400000, 0x00000000f0100000, 0x0000000100000000)
  eden space 32768K, 0% used [0x00000000eb400000,0x00000000eb400000,0x00000000ed400000)
  from space 2560K, 99% used [0x00000000ed400000,0x00000000ed67c770,0x00000000ed680000)
  to   space 6656K, 0% used [0x00000000efa80000,0x00000000efa80000,0x00000000f0100000)
 ParOldGen       total 44032K, used 7236K [0x00000000c1c00000, 0x00000000c4700000, 0x00000000eb400000)
  object space 44032K, 16% used [0x00000000c1c00000,0x00000000c23110b8,0x00000000c4700000)
 Metaspace       used 15678K, capacity 16014K, committed 16256K, reserved 1062912K
  class space    used 2267K, capacity 2325K, committed 2432K, reserved 1048576K
}
Event: 2.984 GC heap before
{Heap before GC invocations=6 (full 0):
 PSYoungGen      total 35328K, used 35313K [0x00000000eb400000, 0x00000000f0100000, 0x0000000100000000)
  eden space 32768K, 100% used [0x00000000eb400000,0x00000000ed400000,0x00000000ed400000)
  from space 2560K, 99% used [0x00000000ed400000,0x00000000ed67c770,0x00000000ed680000)
  to   space 6656K, 0% used [0x00000000efa80000,0x00000000efa80000,0x00000000f0100000)
 ParOldGen       total 44032K, used 7236K [0x00000000c1c00000, 0x00000000c4700000, 0x00000000eb400000)
  object space 44032K, 16% used [0x00000000c1c00000,0x00000000c23110b8,0x00000000c4700000)
 Metaspace       used 20365K, capacity 20786K, committed 20864K, reserved 1067008K
  class space    used 2807K, capacity 2891K, committed 2944K, reserved 1048576K
Event: 2.991 GC heap after
Heap after GC invocations=6 (full 0):
 PSYoungGen      total 70656K, used 6652K [0x00000000eb400000, 0x00000000f0400000, 0x0000000100000000)
  eden space 64000K, 0% used [0x00000000eb400000,0x00000000eb400000,0x00000000ef280000)
  from space 6656K, 99% used [0x00000000efa80000,0x00000000f00ff058,0x00000000f0100000)
  to   space 8192K, 0% used [0x00000000ef280000,0x00000000ef280000,0x00000000efa80000)
 ParOldGen       total 44032K, used 7597K [0x00000000c1c00000, 0x00000000c4700000, 0x00000000eb400000)
  object space 44032K, 17% used [0x00000000c1c00000,0x00000000c236b5c0,0x00000000c4700000)
 Metaspace       used 20365K, capacity 20786K, committed 20864K, reserved 1067008K
  class space    used 2807K, capacity 2891K, committed 2944K, reserved 1048576K
}
Event: 3.020 GC heap before
{Heap before GC invocations=7 (full 0):
 PSYoungGen      total 70656K, used 9266K [0x00000000eb400000, 0x00000000f0400000, 0x0000000100000000)
  eden space 64000K, 4% used [0x00000000eb400000,0x00000000eb68db68,0x00000000ef280000)
  from space 6656K, 99% used [0x00000000efa80000,0x00000000f00ff058,0x00000000f0100000)
  to   space 8192K, 0% used [0x00000000ef280000,0x00000000ef280000,0x00000000efa80000)
 ParOldGen       total 44032K, used 7597K [0x00000000c1c00000, 0x00000000c4700000, 0x00000000eb400000)
  object space 44032K, 17% used [0x00000000c1c00000,0x00000000c236b5c0,0x00000000c4700000)
 Metaspace       used 20635K, capacity 21066K, committed 21248K, reserved 1067008K
  class space    used 2852K, capacity 2967K, committed 3072K, reserved 1048576K
Event: 3.025 GC heap after
Heap after GC invocations=7 (full 0):
 PSYoungGen      total 72192K, used 2304K [0x00000000eb400000, 0x00000000f4100000, 0x0000000100000000)
  eden space 64000K, 0% used [0x00000000eb400000,0x00000000eb400000,0x00000000ef280000)
  from space 8192K, 28% used [0x00000000ef280000,0x00000000ef4c0020,0x00000000efa80000)
  to   space 8192K, 0% used [0x00000000f3900000,0x00000000f3900000,0x00000000f4100000)
 ParOldGen       total 44032K, used 8845K [0x00000000c1c00000, 0x00000000c4700000, 0x00000000eb400000)
  object space 44032K, 20% used [0x00000000c1c00000,0x00000000c24a34f8,0x00000000c4700000)
 Metaspace       used 20635K, capacity 21066K, committed 21248K, reserved 1067008K
  class space    used 2852K, capacity 2967K, committed 3072K, reserved 1048576K
}
Event: 3.025 GC heap before
{Heap before GC invocations=8 (full 1):
 PSYoungGen      total 72192K, used 2304K [0x00000000eb400000, 0x00000000f4100000, 0x0000000100000000)
  eden space 64000K, 0% used [0x00000000eb400000,0x00000000eb400000,0x00000000ef280000)
  from space 8192K, 28% used [0x00000000ef280000,0x00000000ef4c0020,0x00000000efa80000)
  to   space 8192K, 0% used [0x00000000f3900000,0x00000000f3900000,0x00000000f4100000)
 ParOldGen       total 44032K, used 8845K [0x00000000c1c00000, 0x00000000c4700000, 0x00000000eb400000)
  object space 44032K, 20% used [0x00000000c1c00000,0x00000000c24a34f8,0x00000000c4700000)
 Metaspace       used 20635K, capacity 21066K, committed 21248K, reserved 1067008K
  class space    used 2852K, capacity 2967K, committed 3072K, reserved 1048576K
Event: 3.049 GC heap after
Heap after GC invocations=8 (full 1):
 PSYoungGen      total 72192K, used 0K [0x00000000eb400000, 0x00000000f4100000, 0x0000000100000000)
  eden space 64000K, 0% used [0x00000000eb400000,0x00000000eb400000,0x00000000ef280000)
  from space 8192K, 0% used [0x00000000ef280000,0x00000000ef280000,0x00000000efa80000)
  to   space 8192K, 0% used [0x00000000f3900000,0x00000000f3900000,0x00000000f4100000)
 ParOldGen       total 27136K, used 4109K [0x00000000c1c00000, 0x00000000c3680000, 0x00000000eb400000)
  object space 27136K, 15% used [0x00000000c1c00000,0x00000000c20036e0,0x00000000c3680000)
 Metaspace       used 20634K, capacity 21064K, committed 21248K, reserved 1067008K
  class space    used 2852K, capacity 2966K, committed 3072K, reserved 1048576K
}

